<?xml version="1.0" encoding="UTF-8"?>
<testng-results skipped="0" failed="0" total="1" passed="1">
  <reporter-output>
  </reporter-output>
  <suite name="Default suite" duration-ms="109576" started-at="2016-10-20T08:09:06Z" finished-at="2016-10-20T08:10:56Z">
    <groups>
    </groups>
    <test name="Default test" duration-ms="109576" started-at="2016-10-20T08:09:06Z" finished-at="2016-10-20T08:10:56Z">
      <class name="com.selenium.p1.FlightCount">
        <test-method status="PASS" signature="testIRCTC()[pri:0, instance:com.selenium.p1.FlightCount@51081592]" name="testIRCTC" duration-ms="109487" started-at="2016-10-20T13:39:06Z" finished-at="2016-10-20T13:40:55Z">
          <reporter-output>
          </reporter-output>
        </test-method> <!-- testIRCTC -->
      </class> <!-- com.selenium.p1.FlightCount -->
    </test> <!-- Default test -->
  </suite> <!-- Default suite -->
</testng-results>
